  Fysiikkapeli.cpp
Fysiikkapeli.cpp(90): warning C4244: '=': conversion from 'float' to 'int', possible loss of data
Fysiikkapeli.cpp(91): warning C4244: '=': conversion from 'float' to 'int', possible loss of data
Fysiikkapeli.cpp(92): warning C4244: '/=': conversion from 'float' to 'int', possible loss of data
Fysiikkapeli.cpp(93): warning C4244: '/=': conversion from 'float' to 'int', possible loss of data
Fysiikkapeli.cpp(95): warning C4244: '=': conversion from 'float' to 'int', possible loss of data
Fysiikkapeli.cpp(96): warning C4244: '=': conversion from 'float' to 'int', possible loss of data
Fysiikkapeli.cpp(97): warning C4244: '/=': conversion from 'float' to 'int', possible loss of data
Fysiikkapeli.cpp(98): warning C4244: '/=': conversion from 'float' to 'int', possible loss of data
Fysiikkapeli.cpp(100): warning C4244: '=': conversion from 'float' to 'int', possible loss of data
Fysiikkapeli.cpp(101): warning C4244: '=': conversion from 'float' to 'int', possible loss of data
Fysiikkapeli.cpp(102): warning C4244: '/=': conversion from 'float' to 'int', possible loss of data
Fysiikkapeli.cpp(103): warning C4244: '/=': conversion from 'float' to 'int', possible loss of data
Fysiikkapeli.cpp(105): warning C4244: '=': conversion from 'float' to 'int', possible loss of data
Fysiikkapeli.cpp(106): warning C4244: '=': conversion from 'float' to 'int', possible loss of data
Fysiikkapeli.cpp(107): warning C4244: '/=': conversion from 'float' to 'int', possible loss of data
Fysiikkapeli.cpp(108): warning C4244: '/=': conversion from 'float' to 'int', possible loss of data
Fysiikkapeli.cpp(110): warning C4244: '=': conversion from 'float' to 'int', possible loss of data
Fysiikkapeli.cpp(111): warning C4244: '=': conversion from 'float' to 'int', possible loss of data
Fysiikkapeli.cpp(112): warning C4244: '/=': conversion from 'float' to 'int', possible loss of data
Fysiikkapeli.cpp(113): warning C4244: '/=': conversion from 'float' to 'int', possible loss of data
Fysiikkapeli.cpp(115): warning C4244: '=': conversion from 'float' to 'int', possible loss of data
Fysiikkapeli.cpp(116): warning C4244: '=': conversion from 'float' to 'int', possible loss of data
Fysiikkapeli.cpp(117): warning C4244: '/=': conversion from 'float' to 'int', possible loss of data
Fysiikkapeli.cpp(118): warning C4244: '/=': conversion from 'float' to 'int', possible loss of data
Fysiikkapeli.cpp(120): warning C4244: '=': conversion from 'float' to 'int', possible loss of data
Fysiikkapeli.cpp(121): warning C4244: '=': conversion from 'float' to 'int', possible loss of data
Fysiikkapeli.cpp(122): warning C4244: '/=': conversion from 'float' to 'int', possible loss of data
Fysiikkapeli.cpp(123): warning C4244: '/=': conversion from 'float' to 'int', possible loss of data
Fysiikkapeli.cpp(125): warning C4244: '=': conversion from 'float' to 'int', possible loss of data
Fysiikkapeli.cpp(126): warning C4244: '=': conversion from 'float' to 'int', possible loss of data
Fysiikkapeli.cpp(127): warning C4244: '/=': conversion from 'float' to 'int', possible loss of data
Fysiikkapeli.cpp(128): warning C4244: '/=': conversion from 'float' to 'int', possible loss of data
Fysiikkapeli.cpp(130): warning C4244: '=': conversion from 'float' to 'int', possible loss of data
Fysiikkapeli.cpp(131): warning C4244: '=': conversion from 'float' to 'int', possible loss of data
Fysiikkapeli.cpp(132): warning C4244: '/=': conversion from 'float' to 'int', possible loss of data
Fysiikkapeli.cpp(133): warning C4244: '/=': conversion from 'float' to 'int', possible loss of data
Fysiikkapeli.cpp(135): warning C4244: '=': conversion from 'float' to 'int', possible loss of data
Fysiikkapeli.cpp(136): warning C4244: '=': conversion from 'float' to 'int', possible loss of data
Fysiikkapeli.cpp(137): warning C4244: '/=': conversion from 'float' to 'int', possible loss of data
Fysiikkapeli.cpp(138): warning C4244: '/=': conversion from 'float' to 'int', possible loss of data
Fysiikkapeli.cpp(140): warning C4244: '=': conversion from 'float' to 'int', possible loss of data
Fysiikkapeli.cpp(141): warning C4244: '=': conversion from 'float' to 'int', possible loss of data
Fysiikkapeli.cpp(142): warning C4244: '/=': conversion from 'float' to 'int', possible loss of data
Fysiikkapeli.cpp(143): warning C4244: '/=': conversion from 'float' to 'int', possible loss of data
Fysiikkapeli.cpp(145): warning C4244: '=': conversion from 'float' to 'int', possible loss of data
Fysiikkapeli.cpp(146): warning C4244: '=': conversion from 'float' to 'int', possible loss of data
Fysiikkapeli.cpp(147): warning C4244: '/=': conversion from 'float' to 'int', possible loss of data
Fysiikkapeli.cpp(148): warning C4244: '/=': conversion from 'float' to 'int', possible loss of data
Fysiikkapeli.cpp(237): warning C4305: '-=': truncation from 'double' to 'float'
Fysiikkapeli.cpp(239): warning C4305: '+=': truncation from 'double' to 'float'
     Creating library C:\Users\Elmeri\documents\visual studio 2017\Projects\Project2\x64\Release\Project2.lib and object C:\Users\Elmeri\documents\visual studio 2017\Projects\Project2\x64\Release\Project2.exp
  Generating code
  4 of 210 functions ( 1.9%) were compiled, the rest were copied from previous compilation.
    0 functions were new in current compilation
    0 functions had inline decision re-evaluated but remain unchanged
  Finished generating code
  Project2.vcxproj -> C:\Users\Elmeri\documents\visual studio 2017\Projects\Project2\x64\Release\Project2.exe
